<?xml version="1.0" encoding="UTF-8"?>
<!-- Generated by org.testng.reporters.JUnitXMLReporter -->
<testsuite ignored="0" hostname="LAPTOP-S3INP2MO" failures="0" tests="1" name="Test-Runner-2" time="34.857" errors="0" timestamp="2023-11-01T11:32:10 IST">
  <testcase classname="ContactTest.CreateContactsWithOrgTest" name="createNewContactsWithOrgTest" time="21.982"/>
</testsuite> <!-- Test-Runner-2 -->
