<?xml version="1.0" encoding="UTF-8"?>
<!-- Generated by org.testng.reporters.JUnitXMLReporter -->
<testsuite ignored="0" hostname="LAPTOP-S3INP2MO" failures="0" tests="1" name="Test-Runner-1" time="24.444" errors="0" timestamp="2023-11-01T11:32:00 IST">
  <testcase classname="ContactTest.CreateContactsTest" name="createNewContactsTest" time="11.18"/>
</testsuite> <!-- Test-Runner-1 -->
