<?xml version="1.0" encoding="UTF-8"?>
<!-- Generated by org.testng.reporters.JUnitReportReporter -->
<testsuite hostname="LAPTOP-S3INP2MO" failures="0" tests="2" name="AdJava.RetryAnalyserPractice" time="0.016" errors="0" timestamp="2023-11-06T11:26:45 IST" skipped="0">
  <testcase classname="AdJava.RetryAnalyserPractice" name="sample1" time="0.002"/>
  <testcase classname="AdJava.RetryAnalyserPractice" name="sample" time="0.014"/>
</testsuite> <!-- AdJava.RetryAnalyserPractice -->
