<?xml version="1.0" encoding="UTF-8"?>
<!-- Generated by org.testng.reporters.JUnitReportReporter -->
<testsuite hostname="LAPTOP-S3INP2MO" failures="0" tests="1" name="OrganizationTest.CreateOrganizationWithIndustryNameTest" time="16.311" errors="0" timestamp="2023-11-08T16:12:53 IST" skipped="0">
  <testcase classname="OrganizationTest.CreateOrganizationWithIndustryNameTest" name="createNewOrgWithIndustryTest" time="16.311"/>
</testsuite> <!-- OrganizationTest.CreateOrganizationWithIndustryNameTest -->
