<?xml version="1.0" encoding="UTF-8"?>
<!-- Generated by org.testng.reporters.JUnitReportReporter -->
<testsuite hostname="LAPTOP-S3INP2MO" failures="0" tests="3" name="AdJava.DataProviderPractice" time="0.039" errors="0" timestamp="2023-10-26T13:56:42 IST" skipped="0">
  <testcase classname="AdJava.DataProviderPractice" name="readdata" time="0.036"/>
  <system-out/>
  <testcase classname="AdJava.DataProviderPractice" name="readdata" time="0.001"/>
  <system-out/>
  <testcase classname="AdJava.DataProviderPractice" name="readdata" time="0.002"/>
  <system-out/>
</testsuite> <!-- AdJava.DataProviderPractice -->
