<?xml version="1.0" encoding="UTF-8"?>
<!-- Generated by org.testng.reporters.JUnitReportReporter -->
<testsuite hostname="LAPTOP-S3INP2MO" failures="0" tests="1" name="OrganizationTest.CreateOrgwithIndAndTypeTest" time="16.038" errors="0" timestamp="2023-11-08T16:04:37 IST" skipped="0">
  <testcase classname="OrganizationTest.CreateOrgwithIndAndTypeTest" name="createOrgWithIndAndTypetest" time="16.038"/>
</testsuite> <!-- OrganizationTest.CreateOrgwithIndAndTypeTest -->
