<?xml version="1.0" encoding="UTF-8"?>
<!-- Generated by org.testng.reporters.JUnitReportReporter -->
<testsuite hostname="LAPTOP-S3INP2MO" failures="0" tests="1" name="ContactTest.CreateContactsWithOrgTest" time="25.734" errors="0" timestamp="2023-11-08T15:27:44 IST" skipped="0">
  <testcase classname="ContactTest.CreateContactsWithOrgTest" name="createNewContactsWithOrgTest" time="25.734"/>
</testsuite> <!-- ContactTest.CreateContactsWithOrgTest -->
