<?xml version="1.0" encoding="UTF-8"?>
<!-- Generated by org.testng.reporters.JUnitReportReporter -->
<testsuite hostname="LAPTOP-S3INP2MO" failures="0" tests="1" name="ContactTest.CreateContactsTest" time="21.946" errors="0" timestamp="2023-11-08T15:20:27 IST" skipped="0">
  <testcase classname="ContactTest.CreateContactsTest" name="createNewContactsTest" time="21.946"/>
</testsuite> <!-- ContactTest.CreateContactsTest -->
