<?xml version="1.0" encoding="UTF-8"?>
<!-- Generated by org.testng.reporters.JUnitReportReporter -->
<testsuite hostname="LAPTOP-S3INP2MO" failures="0" tests="1" name="OrganizationTest.CreateOrganizationTest" time="15.761" errors="0" timestamp="2023-11-08T16:06:10 IST" skipped="0">
  <testcase classname="OrganizationTest.CreateOrganizationTest" name="createNewOrganizationTest" time="15.761"/>
</testsuite> <!-- OrganizationTest.CreateOrganizationTest -->
